\BOOKMARK [0][-]{section*.2}{\376\377\000A\000b\000s\000t\000r\000a\000c\000t}{}% 1
\BOOKMARK [0][-]{chapter.8}{\376\377\000I\000n\000t\000r\000o\000d\000u\000c\000t\000i\000o\000n}{}% 2
\BOOKMARK [1][-]{section.9}{\376\377\000E\000p\000i\000g\000e\000n\000e\000t\000i\000c\000s}{chapter.8}% 3
\BOOKMARK [2][-]{subsection.10}{\376\377\000E\000p\000i\000g\000e\000n\000e\000t\000i\000c\000\040\000m\000o\000d\000i\000f\000i\000c\000a\000t\000i\000o\000n\000\040\000t\000y\000p\000e\000s}{section.9}% 4
\BOOKMARK [3][-]{section*.11}{\376\377\000H\000i\000s\000t\000o\000n\000e\000\040\000M\000o\000d\000i\000f\000i\000c\000a\000t\000i\000o\000n\000s}{subsection.10}% 5
\BOOKMARK [3][-]{section*.12}{\376\377\000D\000N\000A\000\040\000m\000e\000t\000h\000y\000l\000a\000t\000i\000o\000n}{subsection.10}% 6
\BOOKMARK [3][-]{section*.13}{\376\377\000R\000N\000A\000-\000A\000s\000s\000o\000c\000i\000a\000t\000e\000d\000\040\000S\000i\000l\000e\000n\000c\000i\000n\000g}{subsection.10}% 7
\BOOKMARK [3][-]{section*.14}{\376\377\000A\000l\000t\000e\000r\000n\000a\000t\000i\000v\000e\000\040\000S\000p\000l\000i\000c\000i\000n\000g}{subsection.10}% 8
\BOOKMARK [2][-]{subsection.15}{\376\377\000E\000p\000i\000g\000e\000n\000o\000m\000i\000c\000\040\000m\000o\000d\000e\000l\000i\000n\000g}{section.9}% 9
\BOOKMARK [1][-]{section.16}{\376\377\000N\000o\000n\000-\000n\000e\000g\000a\000t\000i\000v\000e\000\040\000M\000a\000t\000r\000i\000x\000\040\000F\000a\000c\000t\000o\000r\000i\000z\000a\000t\000i\000o\000n}{chapter.8}% 10
\BOOKMARK [2][-]{subsection.18}{\376\377\000N\000M\000F\000\040\000a\000l\000g\000o\000r\000i\000t\000h\000m\000s}{section.16}% 11
\BOOKMARK [2][-]{subsection.25}{\376\377\000N\000M\000F\000\040\000a\000n\000d\000\040\000g\000e\000n\000e\000\040\000e\000x\000p\000r\000e\000s\000s\000i\000o\000n}{section.16}% 12
\BOOKMARK [2][-]{subsection.26}{\376\377\000N\000M\000F\000\040\000a\000n\000d\000\040\000m\000u\000t\000a\000t\000i\000o\000n\000s}{section.16}% 13
\BOOKMARK [2][-]{subsection.27}{\376\377\000N\000M\000F\000\040\000a\000n\000d\000\040\000e\000p\000i\000g\000e\000n\000e\000t\000i\000c\000s}{section.16}% 14
\BOOKMARK [1][-]{section.28}{\376\377\000O\000b\000j\000e\000c\000t\000i\000v\000e\000s}{chapter.8}% 15
\BOOKMARK [0][-]{chapter.29}{\376\377\000M\000e\000t\000h\000o\000d\000s}{}% 16
\BOOKMARK [1][-]{section.30}{\376\377\000N\000M\000F}{chapter.29}% 17
\BOOKMARK [2][-]{subsection.32}{\376\377\000A\000l\000g\000o\000r\000i\000t\000h\000m}{section.30}% 18
\BOOKMARK [2][-]{subsection.37}{\376\377\000C\000h\000o\000o\000s\000i\000n\000g\000\040\000n\000u\000m\000b\000e\000r\000\040\000o\000f\000\040\000s\000i\000g\000n\000a\000t\000u\000r\000e\000s}{section.30}% 19
\BOOKMARK [1][-]{section.40}{\376\377\000D\000a\000t\000a}{chapter.29}% 20
\BOOKMARK [1][-]{section.50}{\376\377\000P\000i\000p\000e\000l\000i\000n\000e}{chapter.29}% 21
\BOOKMARK [2][-]{subsection.57}{\376\377\000D\000o\000w\000n\000l\000o\000a\000d\000\040\000D\000a\000t\000a}{section.50}% 22
\BOOKMARK [2][-]{subsection.58}{\376\377\000P\000r\000o\000c\000e\000s\000s\000i\000n\000g\000\040\000B\000A\000M\000\040\000f\000i\000l\000e\000s}{section.50}% 23
\BOOKMARK [2][-]{subsection.59}{\376\377\000G\000e\000n\000e\000r\000a\000t\000e\000\040\000V\000\040\000m\000a\000t\000r\000i\000x}{section.50}% 24
\BOOKMARK [2][-]{subsection.60}{\376\377\000F\000i\000l\000t\000e\000r\000\040\000V\000\040\000m\000a\000t\000r\000i\000x}{section.50}% 25
\BOOKMARK [2][-]{subsection.61}{\376\377\000C\000h\000o\000o\000s\000e\000\040\000n\000u\000m\000b\000e\000r\000\040\000o\000f\000\040\000s\000i\000g\000n\000a\000t\000u\000r\000e\000s}{section.50}% 26
\BOOKMARK [2][-]{subsection.62}{\376\377\000N\000M\000F\000\040\000a\000n\000a\000l\000y\000s\000i\000s}{section.50}% 27
\BOOKMARK [1][-]{section.63}{\376\377\000P\000e\000r\000f\000o\000r\000m\000a\000n\000c\000e}{chapter.29}% 28
\BOOKMARK [2][-]{subsection.64}{\376\377\000P\000r\000e\000-\000p\000r\000o\000c\000e\000s\000s\000i\000n\000g}{section.63}% 29
\BOOKMARK [2][-]{subsection.66}{\376\377\000N\000M\000F\000\040\000a\000n\000a\000l\000y\000s\000i\000s}{section.63}% 30
\BOOKMARK [0][-]{chapter.68}{\376\377\000R\000e\000s\000u\000l\000t\000s}{}% 31
\BOOKMARK [1][-]{section.69}{\376\377\000C\000o\000v\000e\000r\000a\000g\000e}{chapter.68}% 32
\BOOKMARK [1][-]{section.70}{\376\377\000N\000M\000F\000\040\000S\000i\000g\000n\000a\000t\000u\000r\000e\000s}{chapter.68}% 33
\BOOKMARK [1][-]{section.71}{\376\377\000A\000s\000s\000o\000c\000i\000a\000t\000i\000o\000n\000\040\000S\000t\000u\000d\000y}{chapter.68}% 34
\BOOKMARK [0][-]{chapter.72}{\376\377\000D\000i\000s\000c\000u\000s\000s\000i\000o\000n}{}% 35
